mode: atomic
github.com/ibrt/golang-lib/internal/validate/main.go:10.13,26.2 3 0
github.com/ibrt/golang-lib/consolez/cli.go:41.51,48.2 1 3
github.com/ibrt/golang-lib/consolez/cli.go:51.45,62.2 9 1
github.com/ibrt/golang-lib/consolez/cli.go:66.54,70.30 3 10
github.com/ibrt/golang-lib/consolez/cli.go:70.30,72.3 1 3
github.com/ibrt/golang-lib/consolez/cli.go:74.2,74.14 1 10
github.com/ibrt/golang-lib/consolez/cli.go:75.9,79.16 4 4
github.com/ibrt/golang-lib/consolez/cli.go:80.9,84.16 4 2
github.com/ibrt/golang-lib/consolez/cli.go:85.10,88.16 3 4
github.com/ibrt/golang-lib/consolez/cli.go:91.2,94.16 3 10
github.com/ibrt/golang-lib/consolez/cli.go:94.16,98.16 3 12
github.com/ibrt/golang-lib/consolez/cli.go:98.16,101.4 2 10
github.com/ibrt/golang-lib/consolez/cli.go:106.75,113.30 5 1
github.com/ibrt/golang-lib/consolez/cli.go:113.30,115.3 1 2
github.com/ibrt/golang-lib/consolez/cli.go:117.2,117.15 1 1
github.com/ibrt/golang-lib/consolez/cli.go:121.53,125.118 3 2
github.com/ibrt/golang-lib/consolez/cli.go:125.118,127.3 1 1
github.com/ibrt/golang-lib/consolez/cli.go:129.2,132.15 4 2
github.com/ibrt/golang-lib/consolez/cli.go:136.58,141.2 1 1
github.com/ibrt/golang-lib/consolez/cli.go:144.44,148.18 3 2
github.com/ibrt/golang-lib/consolez/cli.go:148.18,150.3 1 2
github.com/ibrt/golang-lib/consolez/cli.go:152.2,157.11 5 2
github.com/ibrt/golang-lib/consolez/cli.go:157.11,159.3 1 1
github.com/ibrt/golang-lib/consolez/coverage_printer.go:30.43,36.2 1 2
github.com/ibrt/golang-lib/consolez/coverage_printer.go:39.53,43.40 3 2
github.com/ibrt/golang-lib/consolez/coverage_printer.go:43.40,47.37 3 6
github.com/ibrt/golang-lib/consolez/coverage_printer.go:47.37,48.39 1 6
github.com/ibrt/golang-lib/consolez/coverage_printer.go:48.39,51.24 3 12
github.com/ibrt/golang-lib/consolez/coverage_printer.go:51.24,54.6 2 8
github.com/ibrt/golang-lib/consolez/coverage_printer.go:58.3,58.14 1 6
github.com/ibrt/golang-lib/consolez/coverage_printer.go:58.14,60.4 1 3
github.com/ibrt/golang-lib/consolez/coverage_printer.go:60.9,62.4 1 3
github.com/ibrt/golang-lib/consolez/coverage_printer.go:64.3,67.10 3 6
github.com/ibrt/golang-lib/consolez/coverage_printer.go:68.24,71.13 3 4
github.com/ibrt/golang-lib/consolez/coverage_printer.go:72.24,75.13 3 1
github.com/ibrt/golang-lib/consolez/coverage_printer.go:76.11,79.13 3 1
github.com/ibrt/golang-lib/consolez/coverage_printer.go:82.3,89.18 2 6
github.com/ibrt/golang-lib/consolez/coverage_printer.go:92.2,92.14 1 2
github.com/ibrt/golang-lib/consolez/coverage_printer.go:92.14,94.3 1 1
github.com/ibrt/golang-lib/consolez/coverage_printer.go:94.8,96.3 1 1
github.com/ibrt/golang-lib/consolez/coverage_printer.go:98.2,103.8 1 2
github.com/ibrt/golang-lib/consolez/gotest_printer.go:28.39,34.2 1 1
github.com/ibrt/golang-lib/consolez/gotest_printer.go:37.48,40.9 2 22
github.com/ibrt/golang-lib/consolez/gotest_printer.go:41.76,41.76 0 5
github.com/ibrt/golang-lib/consolez/gotest_printer.go:43.34,45.18 2 5
github.com/ibrt/golang-lib/consolez/gotest_printer.go:46.32,48.18 2 4
github.com/ibrt/golang-lib/consolez/gotest_printer.go:49.30,51.18 2 4
github.com/ibrt/golang-lib/consolez/gotest_printer.go:52.34,54.18 2 2
github.com/ibrt/golang-lib/consolez/gotest_printer.go:55.10,56.27 1 2
github.com/ibrt/golang-lib/consolez/gotest_printer.go:61.37,66.2 1 1
github.com/ibrt/golang-lib/consolez/gotest_printer.go:68.66,72.9 3 22
github.com/ibrt/golang-lib/consolez/gotest_printer.go:73.72,75.33 2 2
github.com/ibrt/golang-lib/consolez/gotest_printer.go:76.41,78.31 2 2
github.com/ibrt/golang-lib/consolez/gotest_printer.go:79.41,81.29 2 1
github.com/ibrt/golang-lib/consolez/gotest_printer.go:82.10,83.15 1 17
github.com/ibrt/golang-lib/consolez/gotest_printer.go:86.2,90.43 4 5
github.com/ibrt/golang-lib/consolez/gotest_printer.go:90.43,93.21 2 15
github.com/ibrt/golang-lib/consolez/gotest_printer.go:93.21,94.12 1 1
github.com/ibrt/golang-lib/consolez/gotest_printer.go:95.9,95.54 1 14
github.com/ibrt/golang-lib/consolez/gotest_printer.go:95.54,97.12 2 2
github.com/ibrt/golang-lib/consolez/gotest_printer.go:98.9,98.64 1 12
github.com/ibrt/golang-lib/consolez/gotest_printer.go:98.64,100.4 1 2
github.com/ibrt/golang-lib/consolez/gotest_printer.go:100.9,100.43 1 10
github.com/ibrt/golang-lib/consolez/gotest_printer.go:100.43,102.4 1 1
github.com/ibrt/golang-lib/consolez/gotest_printer.go:104.3,104.42 1 12
github.com/ibrt/golang-lib/consolez/gotest_printer.go:107.2,107.40 1 5
github.com/ibrt/golang-lib/consolez/gotest_printer.go:107.40,113.3 1 1
github.com/ibrt/golang-lib/consolez/gotest_printer.go:115.2,115.24 1 5
github.com/ibrt/golang-lib/consolez/gotest_printer.go:115.24,117.3 1 1
github.com/ibrt/golang-lib/consolez/gotest_printer.go:119.2,119.19 1 4
github.com/ibrt/golang-lib/consolez/gotest_printer.go:119.19,121.3 1 1
github.com/ibrt/golang-lib/consolez/gotest_printer.go:123.2,123.19 1 4
github.com/ibrt/golang-lib/consolez/gotest_printer.go:123.19,125.3 1 2
github.com/ibrt/golang-lib/consolez/gotest_printer.go:127.2,134.13 3 4
github.com/ibrt/golang-lib/consolez/gotest_printer.go:137.62,138.9 1 17
github.com/ibrt/golang-lib/consolez/gotest_printer.go:141.51,142.14 1 5
github.com/ibrt/golang-lib/consolez/gotest_printer.go:143.10,144.15 1 12
github.com/ibrt/golang-lib/consolez/gotest_printer.go:148.60,149.9 1 12
github.com/ibrt/golang-lib/consolez/gotest_printer.go:151.25,152.14 1 4
github.com/ibrt/golang-lib/consolez/gotest_printer.go:153.10,154.15 1 8
github.com/ibrt/golang-lib/consolez/gotest_printer.go:158.58,159.9 1 8
github.com/ibrt/golang-lib/consolez/gotest_printer.go:162.52,163.14 1 4
github.com/ibrt/golang-lib/consolez/gotest_printer.go:164.10,165.15 1 4
github.com/ibrt/golang-lib/consolez/gotest_printer.go:169.62,170.9 1 4
github.com/ibrt/golang-lib/consolez/gotest_printer.go:176.49,177.14 1 2
github.com/ibrt/golang-lib/consolez/gotest_printer.go:178.10,179.15 1 2
github.com/ibrt/golang-lib/errorz/dump.go:21.30,22.16 1 3
github.com/ibrt/golang-lib/errorz/dump.go:22.16,24.3 1 1
github.com/ibrt/golang-lib/errorz/dump.go:26.2,26.38 1 2
github.com/ibrt/golang-lib/errorz/dump.go:26.38,40.3 2 1
github.com/ibrt/golang-lib/errorz/dump.go:42.2,52.8 2 1
github.com/ibrt/golang-lib/errorz/format.go:8.44,10.2 1 8
github.com/ibrt/golang-lib/errorz/format.go:13.42,14.29 1 5
github.com/ibrt/golang-lib/errorz/format.go:18.50,19.11 1 2
github.com/ibrt/golang-lib/errorz/format.go:19.11,21.3 1 1
github.com/ibrt/golang-lib/errorz/frames.go:24.67,27.16 2 241
github.com/ibrt/golang-lib/errorz/frames.go:27.16,29.3 1 239
github.com/ibrt/golang-lib/errorz/frames.go:31.2,38.25 2 241
github.com/ibrt/golang-lib/errorz/frames.go:38.25,42.74 3 239
github.com/ibrt/golang-lib/errorz/frames.go:42.74,45.4 2 155
github.com/ibrt/golang-lib/errorz/frames.go:47.3,47.58 1 239
github.com/ibrt/golang-lib/errorz/frames.go:47.58,49.4 1 239
github.com/ibrt/golang-lib/errorz/frames.go:51.3,51.16 1 239
github.com/ibrt/golang-lib/errorz/frames.go:51.16,53.4 1 155
github.com/ibrt/golang-lib/errorz/frames.go:55.3,59.24 4 239
github.com/ibrt/golang-lib/errorz/frames.go:59.24,61.4 1 238
github.com/ibrt/golang-lib/errorz/frames.go:61.9,63.4 1 1
github.com/ibrt/golang-lib/errorz/frames.go:65.3,69.24 5 239
github.com/ibrt/golang-lib/errorz/frames.go:72.2,72.21 1 241
github.com/ibrt/golang-lib/errorz/frames.go:72.21,74.3 1 1
github.com/ibrt/golang-lib/errorz/frames.go:76.2,76.10 1 241
github.com/ibrt/golang-lib/errorz/frames.go:83.40,86.26 2 4
github.com/ibrt/golang-lib/errorz/frames.go:86.26,88.3 1 5
github.com/ibrt/golang-lib/errorz/frames.go:90.2,90.18 1 4
github.com/ibrt/golang-lib/errorz/frames.go:94.34,95.38 1 33
github.com/ibrt/golang-lib/errorz/frames.go:95.38,97.3 1 1
github.com/ibrt/golang-lib/errorz/frames.go:99.2,105.6 5 32
github.com/ibrt/golang-lib/errorz/frames.go:105.6,109.81 3 233
github.com/ibrt/golang-lib/errorz/frames.go:109.81,110.12 1 93
github.com/ibrt/golang-lib/errorz/frames.go:113.3,115.12 2 140
github.com/ibrt/golang-lib/errorz/frames.go:115.12,116.9 1 32
github.com/ibrt/golang-lib/errorz/frames.go:120.2,120.15 1 32
github.com/ibrt/golang-lib/errorz/types.go:41.37,43.2 1 8
github.com/ibrt/golang-lib/errorz/types.go:46.39,47.14 1 6
github.com/ibrt/golang-lib/errorz/types.go:47.14,49.3 1 1
github.com/ibrt/golang-lib/errorz/types.go:51.2,51.29 1 5
github.com/ibrt/golang-lib/errorz/types.go:52.19,53.20 1 2
github.com/ibrt/golang-lib/errorz/types.go:54.20,55.36 1 2
github.com/ibrt/golang-lib/errorz/types.go:55.36,57.4 1 1
github.com/ibrt/golang-lib/errorz/types.go:58.3,58.13 1 1
github.com/ibrt/golang-lib/errorz/types.go:59.10,60.13 1 1
github.com/ibrt/golang-lib/errorz/types.go:78.39,84.40 4 22
github.com/ibrt/golang-lib/errorz/types.go:84.40,85.24 1 33
github.com/ibrt/golang-lib/errorz/types.go:85.24,87.4 1 12
github.com/ibrt/golang-lib/errorz/types.go:88.3,88.42 1 33
github.com/ibrt/golang-lib/errorz/types.go:91.2,91.19 1 21
github.com/ibrt/golang-lib/errorz/types.go:95.46,96.31 1 39
github.com/ibrt/golang-lib/errorz/types.go:96.31,98.3 1 4
github.com/ibrt/golang-lib/errorz/types.go:100.2,103.37 3 35
github.com/ibrt/golang-lib/errorz/types.go:107.44,108.14 1 23
github.com/ibrt/golang-lib/errorz/types.go:108.14,110.3 1 0
github.com/ibrt/golang-lib/errorz/types.go:112.2,115.37 3 23
github.com/ibrt/golang-lib/errorz/types.go:119.41,120.14 1 33
github.com/ibrt/golang-lib/errorz/types.go:120.14,122.3 1 1
github.com/ibrt/golang-lib/errorz/types.go:124.2,128.17 4 32
github.com/ibrt/golang-lib/errorz/utils.go:8.31,9.14 1 2
github.com/ibrt/golang-lib/errorz/utils.go:9.14,11.3 1 2
github.com/ibrt/golang-lib/errorz/utils.go:15.29,16.14 1 2
github.com/ibrt/golang-lib/errorz/utils.go:16.14,18.3 1 2
github.com/ibrt/golang-lib/errorz/wrap.go:10.48,11.16 1 29
github.com/ibrt/golang-lib/errorz/wrap.go:11.16,13.3 1 2
github.com/ibrt/golang-lib/errorz/wrap.go:15.2,16.9 2 27
github.com/ibrt/golang-lib/errorz/wrap.go:16.9,22.3 1 26
github.com/ibrt/golang-lib/errorz/wrap.go:24.2,27.37 3 27
github.com/ibrt/golang-lib/errorz/wrap.go:27.37,28.22 1 28
github.com/ibrt/golang-lib/errorz/wrap.go:28.22,30.4 1 27
github.com/ibrt/golang-lib/errorz/wrap.go:33.2,33.13 1 27
github.com/ibrt/golang-lib/errorz/wrap.go:37.53,38.16 1 2
github.com/ibrt/golang-lib/errorz/wrap.go:38.16,40.3 1 1
github.com/ibrt/golang-lib/errorz/wrap.go:42.2,42.12 1 1
github.com/ibrt/golang-lib/errorz/wrap.go:46.51,47.37 1 4
github.com/ibrt/golang-lib/errorz/wrap.go:51.51,52.16 1 4
github.com/ibrt/golang-lib/errorz/wrap.go:52.16,54.3 1 2
github.com/ibrt/golang-lib/errorz/wrap.go:58.51,59.14 1 5
github.com/ibrt/golang-lib/errorz/wrap.go:59.14,61.3 1 1
github.com/ibrt/golang-lib/errorz/wrap.go:63.2,64.9 2 4
github.com/ibrt/golang-lib/errorz/wrap.go:64.9,68.3 1 2
github.com/ibrt/golang-lib/errorz/wrap.go:70.2,70.32 1 4
github.com/ibrt/golang-lib/errorz/wrap.go:74.56,75.15 1 3
github.com/ibrt/golang-lib/errorz/wrap.go:75.15,77.3 1 2
github.com/ibrt/golang-lib/errorz/wrap.go:79.2,79.12 1 1
github.com/ibrt/golang-lib/errorz/wrap.go:83.37,86.2 2 6
github.com/ibrt/golang-lib/errorz/wrap.go:88.24,89.14 1 8
github.com/ibrt/golang-lib/errorz/wrap.go:89.14,91.3 1 2
github.com/ibrt/golang-lib/errorz/wrap.go:93.2,93.43 1 6
github.com/ibrt/golang-lib/errorz/wrap.go:94.94,95.19 1 3
github.com/ibrt/golang-lib/errorz/wrap.go:96.10,97.15 1 3
github.com/ibrt/golang-lib/filez/io.go:13.43,17.2 3 8
github.com/ibrt/golang-lib/filez/io.go:20.49,22.2 1 4
github.com/ibrt/golang-lib/filez/io.go:25.104,29.2 3 2
github.com/ibrt/golang-lib/filez/io.go:32.110,34.2 1 1
github.com/ibrt/golang-lib/filez/io.go:37.49,45.2 6 2
github.com/ibrt/golang-lib/filez/io.go:48.55,50.2 1 1
github.com/ibrt/golang-lib/filez/io.go:53.33,57.2 3 1
github.com/ibrt/golang-lib/filez/io.go:60.58,63.2 2 1
github.com/ibrt/golang-lib/filez/io.go:66.53,67.50 1 3
github.com/ibrt/golang-lib/filez/io.go:67.50,68.25 1 2
github.com/ibrt/golang-lib/filez/io.go:68.25,70.4 1 1
github.com/ibrt/golang-lib/filez/io.go:71.3,71.23 1 1
github.com/ibrt/golang-lib/filez/io.go:73.2,73.13 1 1
github.com/ibrt/golang-lib/filez/io.go:77.53,79.16 2 5
github.com/ibrt/golang-lib/filez/io.go:79.16,80.25 1 3
github.com/ibrt/golang-lib/filez/io.go:80.25,82.4 1 2
github.com/ibrt/golang-lib/filez/io.go:83.3,83.23 1 1
github.com/ibrt/golang-lib/filez/io.go:86.2,86.32 1 2
github.com/ibrt/golang-lib/filez/must.go:11.34,15.2 3 5
github.com/ibrt/golang-lib/filez/must.go:18.38,22.2 3 2
github.com/ibrt/golang-lib/filez/must.go:25.25,29.2 3 2
github.com/ibrt/golang-lib/filez/must.go:32.34,35.2 2 2
github.com/ibrt/golang-lib/filez/must.go:38.31,42.2 3 1
github.com/ibrt/golang-lib/fixturez/suite.go:38.40,42.16 3 7
github.com/ibrt/golang-lib/fixturez/suite.go:42.16,46.3 3 6
github.com/ibrt/golang-lib/fixturez/suite.go:48.2,48.10 1 1
github.com/ibrt/golang-lib/fixturez/suite.go:62.68,78.74 3 7
github.com/ibrt/golang-lib/fixturez/suite.go:78.74,80.3 1 1
github.com/ibrt/golang-lib/fixturez/suite.go:82.2,82.43 1 6
github.com/ibrt/golang-lib/fixturez/suite.go:82.43,84.3 1 2
github.com/ibrt/golang-lib/fixturez/suite.go:86.2,86.44 1 4
github.com/ibrt/golang-lib/fixturez/suite.go:86.44,88.3 1 3
github.com/ibrt/golang-lib/fixturez/suite.go:90.2,90.16 1 1
github.com/ibrt/golang-lib/fixturez/suite.go:93.48,96.41 2 6
github.com/ibrt/golang-lib/fixturez/suite.go:96.41,100.77 3 3
github.com/ibrt/golang-lib/fixturez/suite.go:100.77,102.4 1 1
github.com/ibrt/golang-lib/fixturez/suite.go:104.3,104.32 1 2
github.com/ibrt/golang-lib/fixturez/suite.go:105.55,106.18 1 1
github.com/ibrt/golang-lib/fixturez/suite.go:106.18,108.5 1 1
github.com/ibrt/golang-lib/fixturez/suite.go:109.4,109.39 1 1
github.com/ibrt/golang-lib/fixturez/suite.go:110.11,111.65 1 1
github.com/ibrt/golang-lib/fixturez/suite.go:115.2,115.12 1 4
github.com/ibrt/golang-lib/fixturez/suite.go:118.49,121.41 2 4
github.com/ibrt/golang-lib/fixturez/suite.go:121.41,124.43 2 6
github.com/ibrt/golang-lib/fixturez/suite.go:124.43,126.4 1 3
github.com/ibrt/golang-lib/fixturez/suite.go:128.3,128.33 1 3
github.com/ibrt/golang-lib/fixturez/suite.go:131.2,131.12 1 1
github.com/ibrt/golang-lib/fixturez/suite.go:134.80,137.40 2 6
github.com/ibrt/golang-lib/fixturez/suite.go:137.40,139.3 1 1
github.com/ibrt/golang-lib/fixturez/suite.go:141.2,145.52 4 5
github.com/ibrt/golang-lib/fixturez/suite.go:145.52,147.3 1 1
github.com/ibrt/golang-lib/fixturez/suite.go:149.2,149.41 1 4
github.com/ibrt/golang-lib/fixturez/suite.go:149.41,150.26 1 7
github.com/ibrt/golang-lib/fixturez/suite.go:151.25,151.25 0 6
github.com/ibrt/golang-lib/fixturez/suite.go:153.11,154.16 1 1
github.com/ibrt/golang-lib/fixturez/suite.go:158.2,158.13 1 3
github.com/ibrt/golang-lib/fixturez/suite.go:161.40,169.36 5 1
github.com/ibrt/golang-lib/fixturez/suite.go:169.36,170.62 1 1
github.com/ibrt/golang-lib/fixturez/suite.go:170.62,172.4 1 1
github.com/ibrt/golang-lib/fixturez/suite.go:176.53,184.61 5 1
github.com/ibrt/golang-lib/fixturez/suite.go:184.61,185.27 1 2
github.com/ibrt/golang-lib/fixturez/suite.go:186.15,187.51 1 1
github.com/ibrt/golang-lib/fixturez/suite.go:188.12,189.21 1 1
github.com/ibrt/golang-lib/fixturez/suite.go:195.39,201.44 4 1
github.com/ibrt/golang-lib/fixturez/suite.go:201.44,202.67 1 1
github.com/ibrt/golang-lib/fixturez/suite.go:202.67,204.4 1 1
github.com/ibrt/golang-lib/fixturez/suite.go:207.2,207.38 1 1
github.com/ibrt/golang-lib/fixturez/suite.go:207.38,209.3 1 1
github.com/ibrt/golang-lib/fixturez/suite.go:211.2,213.29 3 1
github.com/ibrt/golang-lib/fixturez/suite.go:216.111,223.36 5 3
github.com/ibrt/golang-lib/fixturez/suite.go:223.36,224.60 1 3
github.com/ibrt/golang-lib/fixturez/suite.go:224.60,226.4 1 3
github.com/ibrt/golang-lib/fixturez/suite.go:229.2,229.12 1 3
github.com/ibrt/golang-lib/fixturez/suite.go:232.90,238.36 4 3
github.com/ibrt/golang-lib/fixturez/suite.go:238.36,239.58 1 3
github.com/ibrt/golang-lib/fixturez/suite.go:239.58,241.4 1 3
github.com/ibrt/golang-lib/fixturez/suite.go:245.32,248.15 2 1
github.com/ibrt/golang-lib/fixturez/suite.go:248.15,251.3 2 1
github.com/ibrt/golang-lib/fixturez/suite.go:253.2,256.29 3 1
github.com/ibrt/golang-lib/fixturez/suite.go:256.29,260.42 3 3
github.com/ibrt/golang-lib/fixturez/suite.go:260.42,266.17 4 3
github.com/ibrt/golang-lib/fixturez/suite.go:266.17,269.5 2 3
github.com/ibrt/golang-lib/fixturez/suite.go:271.4,277.42 5 3
github.com/ibrt/golang-lib/fixturez/suite.go:286.20,295.41 6 3
github.com/ibrt/golang-lib/fixturez/suite.go:295.41,296.26 1 6
github.com/ibrt/golang-lib/fixturez/suite.go:297.13,298.45 1 2
github.com/ibrt/golang-lib/fixturez/suite.go:299.13,300.45 1 3
github.com/ibrt/golang-lib/fixturez/suite.go:301.13,302.45 1 1
github.com/ibrt/golang-lib/fixturez/suite.go:306.2,306.15 1 3
github.com/ibrt/golang-lib/hashz/hashz.go:15.37,17.2 1 1
github.com/ibrt/golang-lib/hashz/hashz.go:20.40,22.2 1 1
github.com/ibrt/golang-lib/hashz/hashz.go:25.38,27.2 1 1
github.com/ibrt/golang-lib/hashz/hashz.go:30.41,32.2 1 1
github.com/ibrt/golang-lib/hashz/hashz.go:35.47,39.2 3 8
github.com/ibrt/golang-lib/jsonz/jsonz.go:11.32,15.2 3 4
github.com/ibrt/golang-lib/jsonz/jsonz.go:18.38,20.2 1 2
github.com/ibrt/golang-lib/jsonz/jsonz.go:23.38,27.2 3 4
github.com/ibrt/golang-lib/jsonz/jsonz.go:30.44,32.2 1 2
github.com/ibrt/golang-lib/jsonz/jsonz.go:35.47,38.2 2 4
github.com/ibrt/golang-lib/jsonz/jsonz.go:41.42,45.2 3 2
github.com/ibrt/golang-lib/jsonz/jsonz.go:48.53,51.2 2 4
github.com/ibrt/golang-lib/jsonz/jsonz.go:54.48,58.2 3 2
github.com/ibrt/golang-lib/memz/maps.go:9.60,12.23 2 7
github.com/ibrt/golang-lib/memz/maps.go:12.23,14.3 1 12
github.com/ibrt/golang-lib/memz/maps.go:16.2,18.23 2 7
github.com/ibrt/golang-lib/memz/maps.go:18.23,19.23 1 12
github.com/ibrt/golang-lib/memz/maps.go:19.23,21.4 1 6
github.com/ibrt/golang-lib/memz/maps.go:24.2,24.12 1 7
github.com/ibrt/golang-lib/memz/maps.go:28.61,29.14 1 3
github.com/ibrt/golang-lib/memz/maps.go:29.14,31.3 1 1
github.com/ibrt/golang-lib/memz/maps.go:33.2,35.22 2 2
github.com/ibrt/golang-lib/memz/maps.go:35.22,37.3 1 2
github.com/ibrt/golang-lib/memz/maps.go:39.2,39.12 1 2
github.com/ibrt/golang-lib/memz/maps.go:43.79,44.14 1 3
github.com/ibrt/golang-lib/memz/maps.go:44.14,46.3 1 1
github.com/ibrt/golang-lib/memz/maps.go:48.2,50.22 2 2
github.com/ibrt/golang-lib/memz/maps.go:50.22,51.14 1 2
github.com/ibrt/golang-lib/memz/maps.go:51.14,53.4 1 1
github.com/ibrt/golang-lib/memz/maps.go:56.2,56.12 1 2
github.com/ibrt/golang-lib/memz/maps.go:60.93,61.14 1 3
github.com/ibrt/golang-lib/memz/maps.go:61.14,63.3 1 1
github.com/ibrt/golang-lib/memz/maps.go:65.2,67.22 2 2
github.com/ibrt/golang-lib/memz/maps.go:67.22,69.3 1 2
github.com/ibrt/golang-lib/memz/maps.go:71.2,71.12 1 2
github.com/ibrt/golang-lib/memz/maps.go:75.82,78.19 2 10
github.com/ibrt/golang-lib/memz/maps.go:78.19,80.3 1 20
github.com/ibrt/golang-lib/memz/maps.go:82.2,82.37 1 10
github.com/ibrt/golang-lib/memz/maps.go:82.37,84.3 1 10
github.com/ibrt/golang-lib/memz/maps.go:86.2,86.11 1 10
github.com/ibrt/golang-lib/memz/pointers.go:4.25,6.2 1 30
github.com/ibrt/golang-lib/memz/pointers.go:9.42,10.10 1 4
github.com/ibrt/golang-lib/memz/pointers.go:10.10,12.3 1 2
github.com/ibrt/golang-lib/memz/pointers.go:13.2,13.12 1 2
github.com/ibrt/golang-lib/memz/pointers.go:17.41,19.12 2 6
github.com/ibrt/golang-lib/memz/pointers.go:19.12,21.3 1 3
github.com/ibrt/golang-lib/memz/pointers.go:23.2,23.11 1 3
github.com/ibrt/golang-lib/memz/pointers.go:27.58,29.21 2 4
github.com/ibrt/golang-lib/memz/pointers.go:29.21,31.3 1 3
github.com/ibrt/golang-lib/memz/pointers.go:33.2,33.11 1 1
github.com/ibrt/golang-lib/memz/pointers.go:37.34,38.14 1 9
github.com/ibrt/golang-lib/memz/pointers.go:38.14,41.3 2 3
github.com/ibrt/golang-lib/memz/pointers.go:43.2,43.11 1 6
github.com/ibrt/golang-lib/memz/pointers.go:47.38,48.14 1 9
github.com/ibrt/golang-lib/memz/pointers.go:48.14,50.3 1 3
github.com/ibrt/golang-lib/memz/pointers.go:52.2,52.11 1 6
github.com/ibrt/golang-lib/memz/pointers.go:56.34,57.14 1 3
github.com/ibrt/golang-lib/memz/pointers.go:57.14,59.3 1 1
github.com/ibrt/golang-lib/memz/pointers.go:61.2,63.22 2 2
github.com/ibrt/golang-lib/memz/pointers.go:63.22,65.3 1 2
github.com/ibrt/golang-lib/memz/pointers.go:67.2,67.12 1 2
github.com/ibrt/golang-lib/memz/pointers.go:71.50,72.14 1 3
github.com/ibrt/golang-lib/memz/pointers.go:72.14,74.3 1 1
github.com/ibrt/golang-lib/memz/pointers.go:76.2,78.22 2 2
github.com/ibrt/golang-lib/memz/pointers.go:78.22,80.3 1 2
github.com/ibrt/golang-lib/memz/pointers.go:82.2,82.12 1 2
github.com/ibrt/golang-lib/memz/pointers.go:86.43,87.14 1 3
github.com/ibrt/golang-lib/memz/pointers.go:87.14,89.3 1 1
github.com/ibrt/golang-lib/memz/pointers.go:91.2,93.22 2 2
github.com/ibrt/golang-lib/memz/pointers.go:93.22,95.3 1 3
github.com/ibrt/golang-lib/memz/pointers.go:97.2,97.12 1 2
github.com/ibrt/golang-lib/memz/pointers.go:101.47,102.14 1 3
github.com/ibrt/golang-lib/memz/pointers.go:102.14,104.3 1 1
github.com/ibrt/golang-lib/memz/pointers.go:106.2,108.22 2 2
github.com/ibrt/golang-lib/memz/pointers.go:108.22,110.3 1 3
github.com/ibrt/golang-lib/memz/pointers.go:112.2,112.12 1 2
github.com/ibrt/golang-lib/memz/pointers.go:116.54,117.14 1 3
github.com/ibrt/golang-lib/memz/pointers.go:117.14,119.3 1 1
github.com/ibrt/golang-lib/memz/pointers.go:121.2,123.22 2 2
github.com/ibrt/golang-lib/memz/pointers.go:123.22,125.3 1 2
github.com/ibrt/golang-lib/memz/pointers.go:127.2,127.12 1 2
github.com/ibrt/golang-lib/memz/pointers.go:131.70,132.14 1 3
github.com/ibrt/golang-lib/memz/pointers.go:132.14,134.3 1 1
github.com/ibrt/golang-lib/memz/pointers.go:136.2,138.22 2 2
github.com/ibrt/golang-lib/memz/pointers.go:138.22,140.3 1 2
github.com/ibrt/golang-lib/memz/pointers.go:142.2,142.12 1 2
github.com/ibrt/golang-lib/memz/pointers.go:146.63,147.14 1 3
github.com/ibrt/golang-lib/memz/pointers.go:147.14,149.3 1 1
github.com/ibrt/golang-lib/memz/pointers.go:151.2,153.22 2 2
github.com/ibrt/golang-lib/memz/pointers.go:153.22,155.3 1 3
github.com/ibrt/golang-lib/memz/pointers.go:157.2,157.12 1 2
github.com/ibrt/golang-lib/memz/pointers.go:161.67,162.14 1 3
github.com/ibrt/golang-lib/memz/pointers.go:162.14,164.3 1 1
github.com/ibrt/golang-lib/memz/pointers.go:166.2,168.22 2 2
github.com/ibrt/golang-lib/memz/pointers.go:168.22,170.3 1 3
github.com/ibrt/golang-lib/memz/pointers.go:172.2,172.12 1 2
github.com/ibrt/golang-lib/memz/slices.go:4.48,5.11 1 9
github.com/ibrt/golang-lib/memz/slices.go:5.11,7.3 1 3
github.com/ibrt/golang-lib/memz/slices.go:9.2,9.26 1 9
github.com/ibrt/golang-lib/memz/slices.go:9.26,12.3 2 3
github.com/ibrt/golang-lib/memz/slices.go:14.2,14.13 1 6
github.com/ibrt/golang-lib/memz/slices.go:18.52,19.11 1 9
github.com/ibrt/golang-lib/memz/slices.go:19.11,21.3 1 3
github.com/ibrt/golang-lib/memz/slices.go:23.2,23.26 1 9
github.com/ibrt/golang-lib/memz/slices.go:23.26,25.3 1 3
github.com/ibrt/golang-lib/memz/slices.go:27.2,27.13 1 6
github.com/ibrt/golang-lib/memz/slices.go:31.48,32.11 1 9
github.com/ibrt/golang-lib/memz/slices.go:32.11,34.3 1 3
github.com/ibrt/golang-lib/memz/slices.go:36.2,36.26 1 9
github.com/ibrt/golang-lib/memz/slices.go:36.26,38.3 1 3
github.com/ibrt/golang-lib/memz/slices.go:40.2,40.14 1 6
github.com/ibrt/golang-lib/memz/slices.go:44.41,47.23 2 10
github.com/ibrt/golang-lib/memz/slices.go:47.23,49.3 1 20
github.com/ibrt/golang-lib/memz/slices.go:51.2,53.23 2 10
github.com/ibrt/golang-lib/memz/slices.go:53.23,55.3 1 20
github.com/ibrt/golang-lib/memz/slices.go:57.2,57.12 1 10
github.com/ibrt/golang-lib/memz/slices.go:61.41,62.14 1 3
github.com/ibrt/golang-lib/memz/slices.go:62.14,64.3 1 1
github.com/ibrt/golang-lib/memz/slices.go:66.2,69.12 3 2
github.com/ibrt/golang-lib/memz/slices.go:73.54,74.14 1 5
github.com/ibrt/golang-lib/memz/slices.go:74.14,76.3 1 1
github.com/ibrt/golang-lib/memz/slices.go:78.2,80.22 2 4
github.com/ibrt/golang-lib/memz/slices.go:80.22,81.11 1 10
github.com/ibrt/golang-lib/memz/slices.go:81.11,83.4 1 4
github.com/ibrt/golang-lib/memz/slices.go:86.2,86.12 1 4
github.com/ibrt/golang-lib/memz/slices.go:90.52,93.41 2 5
github.com/ibrt/golang-lib/memz/slices.go:93.41,95.3 1 12
github.com/ibrt/golang-lib/memz/slices.go:97.2,97.12 1 5
github.com/ibrt/golang-lib/memz/slices.go:101.61,102.14 1 3
github.com/ibrt/golang-lib/memz/slices.go:102.14,104.3 1 1
github.com/ibrt/golang-lib/memz/slices.go:106.2,108.22 2 2
github.com/ibrt/golang-lib/memz/slices.go:108.22,110.3 1 3
github.com/ibrt/golang-lib/memz/slices.go:112.2,112.12 1 2
github.com/ibrt/golang-lib/memz/utils.go:9.37,10.22 1 15
github.com/ibrt/golang-lib/memz/utils.go:10.22,12.3 1 9
github.com/ibrt/golang-lib/memz/utils.go:14.2,14.11 1 6
github.com/ibrt/golang-lib/memz/utils.go:18.37,19.22 1 3
github.com/ibrt/golang-lib/memz/utils.go:19.22,21.3 1 1
github.com/ibrt/golang-lib/memz/utils.go:23.2,23.11 1 2
github.com/ibrt/golang-lib/memz/utils.go:27.51,30.2 2 6
github.com/ibrt/golang-lib/memz/utils.go:33.42,35.2 1 6
github.com/ibrt/golang-lib/numz/numz.go:36.43,40.19 3 22
github.com/ibrt/golang-lib/numz/numz.go:41.40,43.17 2 3
github.com/ibrt/golang-lib/numz/numz.go:43.17,45.4 1 1
github.com/ibrt/golang-lib/numz/numz.go:46.3,46.19 1 2
github.com/ibrt/golang-lib/numz/numz.go:47.78,49.17 2 9
github.com/ibrt/golang-lib/numz/numz.go:49.17,51.4 1 1
github.com/ibrt/golang-lib/numz/numz.go:52.3,52.19 1 8
github.com/ibrt/golang-lib/numz/numz.go:53.10,55.17 2 10
github.com/ibrt/golang-lib/numz/numz.go:55.17,57.4 1 1
github.com/ibrt/golang-lib/numz/numz.go:58.3,58.19 1 9
github.com/ibrt/golang-lib/numz/numz.go:63.38,67.2 3 22
github.com/ibrt/golang-lib/outz/capture.go:28.69,35.16 5 2
github.com/ibrt/golang-lib/outz/capture.go:35.16,38.3 2 2
github.com/ibrt/golang-lib/outz/capture.go:42.66,51.16 7 2
github.com/ibrt/golang-lib/outz/capture.go:51.16,55.3 3 2
github.com/ibrt/golang-lib/outz/capture.go:59.63,63.16 3 1
github.com/ibrt/golang-lib/outz/capture.go:63.16,65.3 1 1
github.com/ibrt/golang-lib/outz/capture.go:69.81,83.76 10 3
github.com/ibrt/golang-lib/outz/capture.go:83.76,85.3 1 5
github.com/ibrt/golang-lib/outz/capture.go:89.43,95.2 4 2
github.com/ibrt/golang-lib/outz/capture.go:98.27,102.17 3 4
github.com/ibrt/golang-lib/outz/capture.go:102.17,104.3 1 1
github.com/ibrt/golang-lib/outz/capture.go:107.34,108.15 1 3
github.com/ibrt/golang-lib/outz/capture.go:108.15,115.3 6 3
github.com/ibrt/golang-lib/outz/capture.go:117.2,117.46 1 3
github.com/ibrt/golang-lib/outz/capture.go:117.46,119.3 1 5
github.com/ibrt/golang-lib/outz/capture.go:121.2,130.39 7 3
github.com/ibrt/golang-lib/outz/colors.go:19.37,21.2 1 1
github.com/ibrt/golang-lib/outz/colors.go:24.39,26.2 1 1
github.com/ibrt/golang-lib/outz/colors.go:29.48,31.2 1 1
github.com/ibrt/golang-lib/outz/colors.go:34.39,36.2 1 1
github.com/ibrt/golang-lib/outz/colors.go:39.34,41.2 1 1
github.com/ibrt/golang-lib/outz/colors.go:44.37,46.2 1 1
github.com/ibrt/golang-lib/outz/colors.go:49.37,51.2 1 1
github.com/ibrt/golang-lib/outz/colors.go:54.35,56.2 1 1
github.com/ibrt/golang-lib/shellz/command.go:39.63,49.53 2 18
github.com/ibrt/golang-lib/shellz/command.go:49.53,51.3 1 13
github.com/ibrt/golang-lib/shellz/command.go:53.2,53.10 1 18
github.com/ibrt/golang-lib/shellz/command.go:57.46,59.2 1 8
github.com/ibrt/golang-lib/shellz/command.go:62.47,64.2 1 8
github.com/ibrt/golang-lib/shellz/command.go:67.42,69.2 1 8
github.com/ibrt/golang-lib/shellz/command.go:72.53,74.2 1 8
github.com/ibrt/golang-lib/shellz/command.go:77.44,79.2 1 8
github.com/ibrt/golang-lib/shellz/command.go:82.41,84.2 1 12
github.com/ibrt/golang-lib/shellz/command.go:87.41,89.2 1 0
github.com/ibrt/golang-lib/shellz/command.go:103.56,109.2 1 39
github.com/ibrt/golang-lib/shellz/command.go:112.56,116.2 3 2
github.com/ibrt/golang-lib/shellz/command.go:119.73,120.10 1 2
github.com/ibrt/golang-lib/shellz/command.go:120.10,122.3 1 1
github.com/ibrt/golang-lib/shellz/command.go:124.2,124.10 1 1
github.com/ibrt/golang-lib/shellz/command.go:128.40,130.2 1 2
github.com/ibrt/golang-lib/shellz/command.go:133.47,137.2 3 2
github.com/ibrt/golang-lib/shellz/command.go:140.35,142.2 1 1
github.com/ibrt/golang-lib/shellz/command.go:145.48,149.2 3 3
github.com/ibrt/golang-lib/shellz/command.go:152.60,156.2 3 1
github.com/ibrt/golang-lib/shellz/command.go:159.46,161.2 1 2
github.com/ibrt/golang-lib/shellz/command.go:164.48,168.2 3 15
github.com/ibrt/golang-lib/shellz/command.go:171.37,173.2 1 1
github.com/ibrt/golang-lib/shellz/command.go:176.47,180.2 3 3
github.com/ibrt/golang-lib/shellz/command.go:183.35,184.19 1 3
github.com/ibrt/golang-lib/shellz/command.go:184.19,186.3 1 1
github.com/ibrt/golang-lib/shellz/command.go:187.2,187.26 1 2
github.com/ibrt/golang-lib/shellz/command.go:191.31,197.34 5 8
github.com/ibrt/golang-lib/shellz/command.go:197.34,199.3 1 2
github.com/ibrt/golang-lib/shellz/command.go:201.2,201.12 1 6
github.com/ibrt/golang-lib/shellz/command.go:205.29,207.2 1 2
github.com/ibrt/golang-lib/shellz/command.go:211.44,217.16 5 8
github.com/ibrt/golang-lib/shellz/command.go:217.16,219.3 1 4
github.com/ibrt/golang-lib/shellz/command.go:221.2,221.17 1 4
github.com/ibrt/golang-lib/shellz/command.go:225.39,229.2 3 2
github.com/ibrt/golang-lib/shellz/command.go:232.50,234.16 2 4
github.com/ibrt/golang-lib/shellz/command.go:234.16,236.3 1 2
github.com/ibrt/golang-lib/shellz/command.go:238.2,238.25 1 2
github.com/ibrt/golang-lib/shellz/command.go:242.45,246.2 3 2
github.com/ibrt/golang-lib/shellz/command.go:249.52,253.16 3 8
github.com/ibrt/golang-lib/shellz/command.go:253.16,255.3 1 4
github.com/ibrt/golang-lib/shellz/command.go:257.2,257.17 1 4
github.com/ibrt/golang-lib/shellz/command.go:261.47,265.2 3 2
github.com/ibrt/golang-lib/shellz/command.go:268.58,270.16 2 4
github.com/ibrt/golang-lib/shellz/command.go:270.16,272.3 1 2
github.com/ibrt/golang-lib/shellz/command.go:274.2,274.25 1 2
github.com/ibrt/golang-lib/shellz/command.go:278.53,282.2 3 2
github.com/ibrt/golang-lib/shellz/command.go:285.54,299.36 10 7
github.com/ibrt/golang-lib/shellz/command.go:299.36,303.3 3 10
github.com/ibrt/golang-lib/shellz/command.go:305.2,308.36 3 7
github.com/ibrt/golang-lib/shellz/command.go:308.36,310.3 1 1
github.com/ibrt/golang-lib/shellz/command.go:312.2,314.35 2 6
github.com/ibrt/golang-lib/shellz/command.go:314.35,316.3 1 3
github.com/ibrt/golang-lib/shellz/command.go:318.2,318.12 1 3
github.com/ibrt/golang-lib/shellz/command.go:321.87,323.15 2 14
github.com/ibrt/golang-lib/shellz/command.go:323.15,323.28 1 14
github.com/ibrt/golang-lib/shellz/command.go:325.2,328.6 3 14
github.com/ibrt/golang-lib/shellz/command.go:328.6,329.54 1 27
github.com/ibrt/golang-lib/shellz/command.go:329.54,332.17 2 13
github.com/ibrt/golang-lib/shellz/command.go:332.17,335.5 2 9
github.com/ibrt/golang-lib/shellz/command.go:336.9,337.9 1 14
github.com/ibrt/golang-lib/shellz/command.go:341.2,341.17 1 14
github.com/ibrt/golang-lib/shellz/command.go:341.17,344.3 2 1
github.com/ibrt/golang-lib/shellz/command.go:348.52,350.2 1 2
github.com/ibrt/golang-lib/shellz/command.go:353.32,357.16 3 5
github.com/ibrt/golang-lib/shellz/command.go:357.16,359.3 1 2
github.com/ibrt/golang-lib/shellz/command.go:361.2,361.17 1 3
github.com/ibrt/golang-lib/shellz/command.go:361.17,362.41 1 1
github.com/ibrt/golang-lib/shellz/command.go:362.41,364.4 1 1
github.com/ibrt/golang-lib/shellz/command.go:367.2,367.103 1 2
github.com/ibrt/golang-lib/shellz/command.go:367.103,369.3 1 1
github.com/ibrt/golang-lib/shellz/command.go:371.2,371.12 1 1
github.com/ibrt/golang-lib/shellz/command.go:375.30,377.2 1 1
github.com/ibrt/golang-lib/shellz/command.go:379.47,380.68 1 36
github.com/ibrt/golang-lib/shellz/command.go:380.68,382.3 1 17
github.com/ibrt/golang-lib/shellz/command.go:384.2,384.49 1 19
github.com/ibrt/golang-lib/shellz/command.go:387.38,393.2 5 31
github.com/ibrt/golang-lib/shellz/command.go:395.41,398.26 2 33
github.com/ibrt/golang-lib/shellz/command.go:398.26,400.3 1 4
github.com/ibrt/golang-lib/shellz/command.go:402.2,402.12 1 33
github.com/ibrt/golang-lib/shellz/command.go:405.36,415.19 2 26
github.com/ibrt/golang-lib/shellz/command.go:415.19,417.3 1 1
github.com/ibrt/golang-lib/shellz/command.go:419.2,419.11 1 26
github.com/ibrt/golang-lib/stringz/stringz.go:9.45,10.15 1 4
github.com/ibrt/golang-lib/stringz/stringz.go:10.15,12.3 1 1
github.com/ibrt/golang-lib/stringz/stringz.go:14.2,16.20 2 4
github.com/ibrt/golang-lib/stringz/stringz.go:16.20,18.3 1 1
github.com/ibrt/golang-lib/stringz/stringz.go:20.2,20.20 1 3
github.com/ibrt/golang-lib/stringz/stringz.go:20.20,22.3 1 2
github.com/ibrt/golang-lib/stringz/stringz.go:24.2,24.18 1 1
github.com/ibrt/golang-lib/stringz/stringz.go:28.44,30.2 1 2
github.com/ibrt/golang-lib/stringz/stringz.go:33.44,35.2 1 2
github.com/ibrt/golang-lib/devz/golang.go:38.58,39.16 1 10
github.com/ibrt/golang-lib/devz/golang.go:39.16,41.3 1 9
github.com/ibrt/golang-lib/devz/golang.go:43.2,49.3 1 10
github.com/ibrt/golang-lib/devz/golang.go:53.38,57.2 3 4
github.com/ibrt/golang-lib/devz/golang.go:60.38,64.2 3 1
github.com/ibrt/golang-lib/devz/golang.go:67.39,71.2 3 2
github.com/ibrt/golang-lib/devz/golang.go:74.47,76.2 1 1
github.com/ibrt/golang-lib/devz/golang.go:79.44,81.2 1 1
github.com/ibrt/golang-lib/devz/golang.go:83.38,84.28 1 6
github.com/ibrt/golang-lib/devz/golang.go:84.28,86.3 1 1
github.com/ibrt/golang-lib/devz/golang.go:88.2,88.9 1 5
github.com/ibrt/golang-lib/devz/golang.go:88.9,89.16 1 5
github.com/ibrt/golang-lib/devz/golang.go:89.16,89.29 1 5
github.com/ibrt/golang-lib/devz/golang.go:90.3,91.71 2 5
github.com/ibrt/golang-lib/devz/golang.go:94.2,94.28 1 5
github.com/ibrt/golang-lib/devz/golang.go:94.28,95.29 1 4
github.com/ibrt/golang-lib/devz/golang.go:95.29,97.4 1 3
github.com/ibrt/golang-lib/devz/golang.go:97.9,99.4 1 1
github.com/ibrt/golang-lib/devz/golang.go:102.2,102.25 1 5
github.com/ibrt/golang-lib/devz/golang.go:114.46,117.25 2 0
github.com/ibrt/golang-lib/devz/golang.go:117.25,119.3 1 0
github.com/ibrt/golang-lib/devz/golang.go:121.2,135.25 4 0
github.com/ibrt/golang-lib/devz/golang.go:135.25,137.3 1 0
github.com/ibrt/golang-lib/devz/golang.go:139.2,145.25 2 0
github.com/ibrt/golang-lib/devz/golang.go:145.25,147.3 1 0
github.com/ibrt/golang-lib/devz/golang.go:149.2,169.12 4 0
github.com/ibrt/golang-lib/devz/golang.go:186.44,190.25 3 0
github.com/ibrt/golang-lib/devz/golang.go:190.25,192.3 1 0
github.com/ibrt/golang-lib/devz/golang.go:194.2,196.25 2 0
github.com/ibrt/golang-lib/devz/golang.go:196.25,198.3 1 0
github.com/ibrt/golang-lib/devz/golang.go:200.2,209.24 3 0
github.com/ibrt/golang-lib/devz/golang.go:209.24,211.3 1 0
github.com/ibrt/golang-lib/devz/golang.go:213.2,213.29 1 0
github.com/ibrt/golang-lib/devz/golang.go:213.29,215.3 1 0
github.com/ibrt/golang-lib/devz/golang.go:217.2,218.105 1 0
github.com/ibrt/golang-lib/devz/golang.go:218.105,220.3 1 0
github.com/ibrt/golang-lib/devz/golang.go:222.2,222.25 1 0
github.com/ibrt/golang-lib/devz/golang.go:222.25,224.3 1 0
github.com/ibrt/golang-lib/devz/golang.go:226.2,230.25 4 0
github.com/ibrt/golang-lib/devz/golang.go:230.25,232.3 1 0
github.com/ibrt/golang-lib/devz/golang.go:234.2,237.25 3 0
github.com/ibrt/golang-lib/devz/golang.go:237.25,238.26 1 0
github.com/ibrt/golang-lib/devz/golang.go:238.26,240.4 1 0
github.com/ibrt/golang-lib/devz/golang.go:242.3,242.39 1 0
github.com/ibrt/golang-lib/devz/golang.go:246.54,249.23 1 0
github.com/ibrt/golang-lib/devz/golang.go:249.23,251.4 1 0
github.com/ibrt/golang-lib/devz/golang.go:253.2,268.21 4 0
github.com/ibrt/golang-lib/devz/golang.go:271.65,286.2 3 0
github.com/ibrt/golang-lib/tplz/golang.go:12.67,14.52 2 12
github.com/ibrt/golang-lib/tplz/golang.go:14.52,16.3 1 4
github.com/ibrt/golang-lib/tplz/golang.go:18.2,18.35 1 8
github.com/ibrt/golang-lib/tplz/golang.go:22.62,26.2 3 3
github.com/ibrt/golang-lib/tplz/golang.go:29.67,31.16 2 8
github.com/ibrt/golang-lib/tplz/golang.go:31.16,33.3 1 2
github.com/ibrt/golang-lib/tplz/golang.go:35.2,35.40 1 6
github.com/ibrt/golang-lib/tplz/golang.go:39.62,43.2 3 4
github.com/ibrt/golang-lib/tplz/html.go:13.69,15.70 2 8
github.com/ibrt/golang-lib/tplz/html.go:15.70,17.3 1 4
github.com/ibrt/golang-lib/tplz/html.go:19.2,19.25 1 4
github.com/ibrt/golang-lib/tplz/html.go:23.64,27.2 3 2
github.com/ibrt/golang-lib/tplz/html.go:30.69,32.16 2 6
github.com/ibrt/golang-lib/tplz/html.go:32.16,34.3 1 2
github.com/ibrt/golang-lib/tplz/html.go:36.2,36.42 1 4
github.com/ibrt/golang-lib/tplz/html.go:40.64,44.2 3 3
github.com/ibrt/golang-lib/tplz/json.go:12.92,14.52 2 12
github.com/ibrt/golang-lib/tplz/json.go:14.52,16.3 1 4
github.com/ibrt/golang-lib/tplz/json.go:18.2,19.70 2 8
github.com/ibrt/golang-lib/tplz/json.go:19.70,21.3 1 4
github.com/ibrt/golang-lib/tplz/json.go:23.2,23.25 1 4
github.com/ibrt/golang-lib/tplz/json.go:27.87,31.2 3 3
github.com/ibrt/golang-lib/tplz/json.go:34.85,36.16 2 8
github.com/ibrt/golang-lib/tplz/json.go:36.16,38.3 1 2
github.com/ibrt/golang-lib/tplz/json.go:40.2,40.58 1 6
github.com/ibrt/golang-lib/tplz/json.go:44.80,48.2 3 4
github.com/ibrt/golang-lib/tplz/text.go:11.69,14.52 2 8
github.com/ibrt/golang-lib/tplz/text.go:14.52,16.3 1 4
github.com/ibrt/golang-lib/tplz/text.go:18.2,18.25 1 4
github.com/ibrt/golang-lib/tplz/text.go:22.64,26.2 3 2
github.com/ibrt/golang-lib/tplz/text.go:29.69,31.16 2 6
github.com/ibrt/golang-lib/tplz/text.go:31.16,33.3 1 2
github.com/ibrt/golang-lib/tplz/text.go:35.2,35.42 1 4
github.com/ibrt/golang-lib/tplz/text.go:39.64,43.2 3 3
github.com/ibrt/golang-lib/urlz/urlz.go:10.40,14.2 3 4
github.com/ibrt/golang-lib/urlz/urlz.go:17.55,21.2 3 2
github.com/ibrt/golang-lib/urlz/urlz.go:24.56,25.32 1 2
github.com/ibrt/golang-lib/urlz/urlz.go:25.32,27.3 1 1
github.com/ibrt/golang-lib/urlz/urlz.go:28.2,28.12 1 1
github.com/ibrt/golang-lib/urlz/urlz.go:32.57,34.23 2 1
github.com/ibrt/golang-lib/urlz/urlz.go:34.23,36.3 1 1
github.com/ibrt/golang-lib/urlz/urlz.go:37.2,37.19 1 1
github.com/ibrt/golang-lib/vldz/vldz.go:17.13,18.66 1 1
github.com/ibrt/golang-lib/vldz/vldz.go:18.66,19.86 1 3
github.com/ibrt/golang-lib/vldz/vldz.go:19.86,21.4 1 2
github.com/ibrt/golang-lib/vldz/vldz.go:22.3,22.16 1 1
github.com/ibrt/golang-lib/vldz/vldz.go:25.2,25.88 1 1
github.com/ibrt/golang-lib/vldz/vldz.go:25.88,27.3 1 7
github.com/ibrt/golang-lib/vldz/vldz.go:31.66,33.2 1 2
github.com/ibrt/golang-lib/vldz/vldz.go:36.67,37.44 1 1
github.com/ibrt/golang-lib/vldz/vldz.go:37.44,39.3 1 4
github.com/ibrt/golang-lib/vldz/vldz.go:55.53,56.74 1 10
github.com/ibrt/golang-lib/vldz/vldz.go:56.74,59.38 2 9
github.com/ibrt/golang-lib/vldz/vldz.go:59.38,61.56 2 11
github.com/ibrt/golang-lib/vldz/vldz.go:61.56,63.5 1 11
github.com/ibrt/golang-lib/vldz/vldz.go:64.4,64.32 1 11
github.com/ibrt/golang-lib/vldz/vldz.go:67.3,71.4 1 9
github.com/ibrt/golang-lib/vldz/vldz.go:74.2,76.3 1 1
github.com/ibrt/golang-lib/vldz/vldz.go:80.66,82.2 1 9
github.com/ibrt/golang-lib/vldz/vldz.go:85.42,86.9 1 9
github.com/ibrt/golang-lib/vldz/vldz.go:87.33,91.43 3 8
github.com/ibrt/golang-lib/vldz/vldz.go:91.43,94.4 2 9
github.com/ibrt/golang-lib/vldz/vldz.go:96.3,96.20 1 8
github.com/ibrt/golang-lib/vldz/vldz.go:97.27,98.53 1 1
github.com/ibrt/golang-lib/vldz/vldz.go:99.10,100.37 1 0
github.com/ibrt/golang-lib/vldz/vldz.go:105.42,106.14 1 7
github.com/ibrt/golang-lib/vldz/vldz.go:106.14,108.3 1 0
github.com/ibrt/golang-lib/vldz/vldz.go:110.2,110.31 1 7
github.com/ibrt/golang-lib/vldz/vldz.go:110.31,112.3 1 7
github.com/ibrt/golang-lib/vldz/vldz.go:114.2,114.21 1 0
github.com/ibrt/golang-lib/vldz/vldz.go:118.34,119.43 1 14
github.com/ibrt/golang-lib/vldz/vldz.go:119.43,121.3 1 10
github.com/ibrt/golang-lib/vldz/vldz.go:123.2,123.12 1 4
github.com/ibrt/golang-lib/vldz/vldz.go:127.32,129.2 1 2
